java.lang.UnsatisfiedLinkError: C:\Program Files\Apache Tomcat v7.0\bin\tcnative-1.dll: Can't load IA 32-bit .dll on a AMD 64-bit platform
	at java.lang.ClassLoader$NativeLibrary.load(Native Method)
	at java.lang.ClassLoader.loadLibrary1(ClassLoader.java:1965)
	at java.lang.ClassLoader.loadLibrary0(ClassLoader.java:1890)
	at java.lang.ClassLoader.loadLibrary(ClassLoader.java:1880)
	at java.lang.Runtime.loadLibrary0(Runtime.java:849)
	at java.lang.System.loadLibrary(System.java:1088)
	at org.apache.tomcat.jni.Library.<init>(Library.java:42)
	at org.apache.tomcat.jni.Library.initialize(Library.java:174)
	at sun.reflect.NativeMethodAccessorImpl.invoke0(Native Method)
	at sun.reflect.NativeMethodAccessorImpl.invoke(NativeMethodAccessorImpl.java:57)
	at sun.reflect.DelegatingMethodAccessorImpl.invoke(DelegatingMethodAccessorImpl.java:43)
	at java.lang.reflect.Method.invoke(Method.java:606)
	at org.apache.catalina.core.AprLifecycleListener.init(AprLifecycleListener.java:180)
	at org.apache.catalina.core.AprLifecycleListener.isAprAvailable(AprLifecycleListener.java:85)
	at org.apache.catalina.connector.Connector.setProtocol(Connector.java:595)
	at org.apache.catalina.connector.Connector.<init>(Connector.java:69)
	at org.apache.catalina.startup.ConnectorCreateRule.begin(ConnectorCreateRule.java:62)
	at org.apache.tomcat.util.digester.Digester.startElement(Digester.java:1276)
	at com.sun.org.apache.xerces.internal.parsers.AbstractSAXParser.startElement(AbstractSAXParser.java:509)
	at com.sun.org.apache.xerces.internal.parsers.AbstractXMLDocumentParser.emptyElement(AbstractXMLDocumentParser.java:182)
	at com.sun.org.apache.xerces.internal.impl.XMLDocumentFragmentScannerImpl.scanStartElement(XMLDocumentFragmentScannerImpl.java:1343)
	at com.sun.org.apache.xerces.internal.impl.XMLDocumentFragmentScannerImpl$FragmentContentDriver.next(XMLDocumentFragmentScannerImpl.java:2786)
	at com.sun.org.apache.xerces.internal.impl.XMLDocumentScannerImpl.next(XMLDocumentScannerImpl.java:606)
	at com.sun.org.apache.xerces.internal.impl.XMLDocumentFragmentScannerImpl.scanDocument(XMLDocumentFragmentScannerImpl.java:510)
	at com.sun.org.apache.xerces.internal.parsers.XML11Configuration.parse(XML11Configuration.java:848)
	at com.sun.org.apache.xerces.internal.parsers.XML11Configuration.parse(XML11Configuration.java:777)
	at com.sun.org.apache.xerces.internal.parsers.XMLParser.parse(XMLParser.java:141)
	at com.sun.org.apache.xerces.internal.parsers.AbstractSAXParser.parse(AbstractSAXParser.java:1213)
	at com.sun.org.apache.xerces.internal.jaxp.SAXParserImpl$JAXPSAXParser.parse(SAXParserImpl.java:648)
	at org.apache.tomcat.util.digester.Digester.parse(Digester.java:1537)
	at org.apache.catalina.startup.Catalina.load(Catalina.java:617)
	at org.apache.catalina.startup.Catalina.load(Catalina.java:665)
	at sun.reflect.NativeMethodAccessorImpl.invoke0(Native Method)
	at sun.reflect.NativeMethodAccessorImpl.invoke(NativeMethodAccessorImpl.java:57)
	at sun.reflect.DelegatingMethodAccessorImpl.invoke(DelegatingMethodAccessorImpl.java:43)
	at java.lang.reflect.Method.invoke(Method.java:606)
	at org.apache.catalina.startup.Bootstrap.load(Bootstrap.java:281)
	at org.apache.catalina.startup.Bootstrap.main(Bootstrap.java:455)
dic 29, 2015 10:38:34 AM org.apache.catalina.core.AprLifecycleListener init
INFORMACIÓN: La biblioteca nativa de Apache Tomcat basada en ARP que permite un rendimiento óptimo en entornos de desarrollo no ha sido hallada en java.library.path: C:\Program Files\Java\jdk1.7.0_80\bin;C:\Windows\Sun\Java\bin;C:\Windows\system32;C:\Windows;C:\Users\fernando.cabrera\bin;C:\Program Files\Git\mingw64\bin;C:\Program Files\Git\usr\local\bin;C:\Program Files\Git\usr\bin;C:\Program Files\Git\usr\bin;C:\Program Files\Git\mingw64\bin;C:\Program Files\Git\usr\bin;C:\Users\fernando.cabrera\bin;C:\Program Files (x86)\Intel\iCLS Client;C:\Program Files\Intel\iCLS Client;C:\Program Files (x86)\AMD APP\bin\x86_64;C:\Program Files (x86)\AMD APP\bin\x86;C:\Windows\system32;C:\Windows;C:\Windows\System32\Wbem;C:\Windows\System32\WindowsPowerShell\v1.0;C:\Program Files (x86)\ATI Technologies\ATI.ACE\Core-Static;C:\Program Files\Intel\Intel(R) Management Engine Components\DAL;C:\Program Files\Intel\Intel(R) Management Engine Components\IPT;C:\Program Files (x86)\Intel\Intel(R) Management Engine Components\DAL;C:\Program Files (x86)\Intel\Intel(R) Management Engine Components\IPT;C:\Program Files\Dell\Dell Data Protection\Access\Advanced\Wave\Gemalto\Access Client\v5;C:\Program Files (x86)\Security Innovation\SI TSS\bin;C:\Program Files (x86)\Windows Live\Shared;C:\Program Files\Java\jdk1.7.0_80;C:\Program Files\Maven\apache-maven-3.3.3\bin;C:\Program Files\Git\usr\bin\vendor_perl;C:\Program Files\Git\usr\bin\core_perl;.
dic 29, 2015 10:38:34 AM org.apache.coyote.AbstractProtocol init
INFORMACIÓN: Initializing ProtocolHandler ["http-bio-8080"]
dic 29, 2015 10:38:34 AM org.apache.coyote.AbstractProtocol init
INFORMACIÓN: Initializing ProtocolHandler ["ajp-bio-8009"]
dic 29, 2015 10:38:34 AM org.apache.catalina.startup.Catalina load
INFORMACIÓN: Initialization processed in 936 ms
dic 29, 2015 10:38:34 AM org.apache.catalina.core.StandardService startInternal
INFORMACIÓN: Arrancando servicio Catalina
dic 29, 2015 10:38:34 AM org.apache.catalina.core.StandardEngine startInternal
INFORMACIÓN: Starting Servlet Engine: Apache Tomcat/7.0.47
dic 29, 2015 10:38:34 AM org.apache.catalina.startup.HostConfig deployWAR
INFORMACIÓN: Despliegue del archivo C:\Program Files\Apache Tomcat v7.0\webapps\prueba.war de la aplicación web
Ejecutando DROP ALL OBJECTS;
Ejecutando CREATE TABLE Account (accountId INT auto_increment,userName VARCHAR(25) NOT NULL UNIQUE,password VARCHAR(25) NOT NULL,permisos VARCHAR(25) NOT NULL,PRIMARY KEY(accountId));
Ejecutando create table Cliente(clienteId bigint  auto_increment,nombre VARCHAR(25) NOT NULL,apellido VARCHAR(25) NOT NULL,tipoDoc VARCHAR(25) NOT NULL,numDoc INT NOT NULL,telFijo INT NOT NULL,telCel INT NOT NULL,direccion VARCHAR(25) NOT NULL,ciudad VARCHAR(25) NOT NULL,provincia VARCHAR(25) NOT NULL,nacionalidad VARCHAR(25) NOT NULL,e_mail VARCHAR(25) NOT NULL,PRIMARY KEY(clienteId));
Ejecutando create table Empleado(empleadoId INT AUTO_INCREMENT,nombre VARCHAR(25) NOT NULL,apellido VARCHAR(25) NOT NULL,tipoDoc VARCHAR(25) NOT NULL,numDoc INT NOT NULL,telFijo INT NOT NULL,telCel INT NOT NULL,direccion VARCHAR(25) NOT NULL,ciudad VARCHAR(25) NOT NULL,provincia VARCHAR(25) NOT NULL,nacionalidad VARCHAR(25) NOT NULL,e_mail VARCHAR(25) NOT NULL,foto VARCHAR(25) NOT NULL,sector VARCHAR(25) NOT NULL,categoria VARCHAR(25) NOT NULL,fechaIngreso VARCHAR(25) NOT NULL,PRIMARY KEY(empleadoId));
Ejecutando create table Propietario(propietarioId INT AUTO_INCREMENT,nombre VARCHAR(25) NOT NULL,apellido VARCHAR(25) NOT NULL,tipoDoc VARCHAR(25) NOT NULL,numDoc INT NOT NULL,telFijo INT NOT NULL,telCel INT NOT NULL,direccion VARCHAR(25) NOT NULL,ciudad VARCHAR(25) NOT NULL,provincia VARCHAR(25) NOT NULL,nacionalidad VARCHAR(25) NOT NULL,e_mail VARCHAR(25) NOT NULL,numCuenta VARCHAR(25) NOT NULL,PRIMARY KEY(propietarioId));
Ejecutando create table Inmueble(inmuebleId INT AUTO_INCREMENT,descripcion VARCHAR(100) NOT NULL,tipoDeInmueble VARCHAR(25) NOT NULL,tipoDeOperacion VARCHAR(25) NOT NULL,tipoDeEstado VARCHAR(25) NOT NULL,estado VARCHAR(25) NOT NULL,direccion VARCHAR(25) NOT NULL,piso VARCHAR(1) NOT NULL,dpto VARCHAR(1) NOT NULL,ciudad VARCHAR(25) NOT NULL,provincia VARCHAR(25) NOT NULL,numHabitaciones VARCHAR(1) NOT NULL,banios VARCHAR(1) NOT NULL,m2 INT NOT NULL,alquiler DOUBLE ,venta DOUBLE ,tipoSuelo VARCHAR(25) NOT NULL,garage BOOLEAN ,ascensor BOOLEAN ,amueblado BOOLEAN ,comision DOUBLE ,PRIMARY KEY(inmuebleId),);
Ejecutando create table Imagen(imagenId INT  AUTO_INCREMENT,nombre VARCHAR(25) NOT NULL UNIQUE,path VARCHAR(100) NOT NULL,inmuebleId INT NOT NULL,PRIMARY KEY(imagenId),FOREIGN KEY (inmuebleId) REFERENCES inmueble(inmuebleId));
Ejecutando create table InmuebleList(inmuebleListId INT AUTO_INCREMENT,clienteId INT  NOT NULL,propietarioId INT  NOT NULL,inmuebleId INT  NOT NULL,PRIMARY KEY(inmuebleListId),FOREIGN KEY (clienteId) REFERENCES Cliente(clienteId),FOREIGN KEY (propietarioId) REFERENCES Propietario(propietarioId),FOREIGN KEY (inmuebleId) REFERENCES Inmueble(inmuebleId));
dic 29, 2015 10:38:36 AM org.apache.catalina.startup.HostConfig deployDirectory
INFORMACIÓN: Despliegue del directorio C:\Program Files\Apache Tomcat v7.0\webapps\docs de la aplicación web
dic 29, 2015 10:38:36 AM org.apache.catalina.startup.HostConfig deployDirectory
INFORMACIÓN: Despliegue del directorio C:\Program Files\Apache Tomcat v7.0\webapps\examples de la aplicación web
dic 29, 2015 10:38:37 AM org.apache.catalina.startup.HostConfig deployDirectory
INFORMACIÓN: Despliegue del directorio C:\Program Files\Apache Tomcat v7.0\webapps\host-manager de la aplicación web
dic 29, 2015 10:38:38 AM org.apache.catalina.startup.HostConfig deployDirectory
INFORMACIÓN: Despliegue del directorio C:\Program Files\Apache Tomcat v7.0\webapps\manager de la aplicación web
dic 29, 2015 10:38:38 AM org.apache.catalina.startup.HostConfig deployDirectory
INFORMACIÓN: Despliegue del directorio C:\Program Files\Apache Tomcat v7.0\webapps\ROOT de la aplicación web
dic 29, 2015 10:38:38 AM org.apache.coyote.AbstractProtocol start
INFORMACIÓN: Starting ProtocolHandler ["http-bio-8080"]
dic 29, 2015 10:38:38 AM org.apache.coyote.AbstractProtocol start
INFORMACIÓN: Starting ProtocolHandler ["ajp-bio-8009"]
dic 29, 2015 10:38:38 AM org.apache.catalina.startup.Catalina start
INFORMACIÓN: Server startup in 3326 ms
